<?xml version="1.0" encoding="UTF-8"?>
<!-- Generated by org.testng.reporters.JUnitReportReporter -->
<testsuite skipped="0" hostname="DESKTOP-Q2G01O8" name="javapackage.Loanamount" tests="2" failures="0" timestamp="20 Jan 2018 03:33:07 GMT" time="14.173" errors="0">
  <testcase name="entervalue" time="7.515" classname="javapackage.Loanamount"/>
  <testcase name="entervalue" time="6.658" classname="javapackage.Loanamount"/>
</testsuite> <!-- javapackage.Loanamount -->
